<?xml version="1.0" encoding="UTF-8"?>
<!-- Generated by org.testng.reporters.JUnitXMLReporter -->
<testsuite ignored="0" hostname="Mahi" failures="1" tests="6" name="Surefire test" time="28.568" errors="0" timestamp="2023-05-30T18:22:46 IST">
  <testcase classname="rahulshettyacademy.tests.ErrorValidationTest" name="LoginErrorValidation" time="1.474">
    <skipped/>
  </testcase> <!-- LoginErrorValidation -->
  <testcase classname="rahulshettyacademy.tests.ErrorValidationTest" name="LoginErrorValidation" time="0.634">
    <failure type="java.lang.AssertionError" message="expected [Incorrect email or password.] but found [Incorrect email  password.]">
      <![CDATA[java.lang.AssertionError: expected [Incorrect email or password.] but found [Incorrect email  password.]
at rahulshettyacademy.tests.ErrorValidationTest.LoginErrorValidation(ErrorValidationTest.java:23)
at java.base/java.util.ArrayList.forEach(ArrayList.java:1541)
... Removed 38 stack frames]]>
    </failure>
  </testcase> <!-- LoginErrorValidation -->
  <testcase classname="rahulshettyacademy.tests.ErrorValidationTest" name="ProductErrorValidation" time="2.872"/>
  <testcase classname="rahulshettyacademy.tests.submitOrderTest" name="submitOrder" time="3.849"/>
  <testcase classname="rahulshettyacademy.tests.submitOrderTest" name="submitOrder" time="3.985"/>
  <testcase classname="rahulshettyacademy.tests.submitOrderTest" name="OrderHistoryTest" time="0.733"/>
</testsuite> <!-- Surefire test -->
